2026-01-01T08:32:09.211+07:00  INFO 32224 --- [auction-backend] [main] c.a.a.AuctionBackendApplication          : Starting AuctionBackendApplication using Java 21.0.2 with PID 32224 (F:\Container\EDUCATION\HCMUS_K22\2025-2026\HK1\API Design\AuctionProject\auction-backend\auction-backend\target\classes started by nguye in F:\Container\EDUCATION\HCMUS_K22\2025-2026\HK1\API Design\AuctionProject\auction-backend\auction-backend)
2026-01-01T08:32:09.227+07:00  INFO 32224 --- [auction-backend] [main] c.a.a.AuctionBackendApplication          : No active profile set, falling back to 1 default profile: "default"
2026-01-01T08:32:12.365+07:00  INFO 32224 --- [auction-backend] [main] .s.d.r.c.RepositoryConfigurationDelegate : Bootstrapping Spring Data JPA repositories in DEFAULT mode.
2026-01-01T08:32:13.051+07:00  INFO 32224 --- [auction-backend] [main] .s.d.r.c.RepositoryConfigurationDelegate : Finished Spring Data repository scanning in 668 ms. Found 10 JPA repository interfaces.
2026-01-01T08:32:14.432+07:00  INFO 32224 --- [auction-backend] [main] o.s.boot.tomcat.TomcatWebServer          : Tomcat initialized with port 8080 (http)
2026-01-01T08:32:14.463+07:00  INFO 32224 --- [auction-backend] [main] o.apache.catalina.core.StandardService   : Starting service [Tomcat]
2026-01-01T08:32:14.464+07:00  INFO 32224 --- [auction-backend] [main] o.apache.catalina.core.StandardEngine    : Starting Servlet engine: [Apache Tomcat/11.0.14]
2026-01-01T08:32:14.570+07:00  INFO 32224 --- [auction-backend] [main] b.w.c.s.WebApplicationContextInitializer : Root WebApplicationContext: initialization completed in 5197 ms
2026-01-01T08:32:14.902+07:00  INFO 32224 --- [auction-backend] [main] com.zaxxer.hikari.HikariDataSource       : HikariPool-1 - Starting...
2026-01-01T08:32:15.295+07:00  INFO 32224 --- [auction-backend] [main] com.zaxxer.hikari.pool.HikariPool        : HikariPool-1 - Added connection com.mysql.cj.jdbc.ConnectionImpl@e4ca109
2026-01-01T08:32:15.300+07:00  INFO 32224 --- [auction-backend] [main] com.zaxxer.hikari.HikariDataSource       : HikariPool-1 - Start completed.
2026-01-01T08:32:15.354+07:00  INFO 32224 --- [auction-backend] [main] o.hibernate.jpa.internal.util.LogHelper  : HHH000204: Processing PersistenceUnitInfo [name: default]
2026-01-01T08:32:15.473+07:00  INFO 32224 --- [auction-backend] [main] org.hibernate.Version                    : HHH000412: Hibernate ORM core version 7.1.8.Final
2026-01-01T08:32:16.976+07:00  INFO 32224 --- [auction-backend] [main] o.s.o.j.p.SpringPersistenceUnitInfo      : No LoadTimeWeaver setup: ignoring JPA class transformer
2026-01-01T08:32:17.215+07:00  INFO 32224 --- [auction-backend] [main] org.hibernate.orm.connections.pooling    : HHH10001005: Database info:
	Database JDBC URL [jdbc:mysql://localhost:3306/auction_db?useSSL=false&serverTimezone=UTC&allowPublicKeyRetrieval=true]
	Database driver: MySQL Connector/J
	Database dialect: MySQLDialect
	Database version: 8.0.43
	Default catalog/schema: auction_db/undefined
	Autocommit mode: undefined/unknown
	Isolation level: REPEATABLE_READ [default REPEATABLE_READ]
	JDBC fetch size: none
	Pool: DatasourceConnectionProviderImpl
	Minimum pool size: undefined/unknown
	Maximum pool size: undefined/unknown
2026-01-01T08:32:20.336+07:00  INFO 32224 --- [auction-backend] [main] o.h.e.t.j.p.i.JtaPlatformInitiator       : HHH000489: No JTA platform available (set 'hibernate.transaction.jta.platform' to enable JTA platform integration)
2026-01-01T08:32:20.351+07:00  INFO 32224 --- [auction-backend] [main] j.LocalContainerEntityManagerFactoryBean : Initialized JPA EntityManagerFactory for persistence unit 'default'
2026-01-01T08:32:20.524+07:00  INFO 32224 --- [auction-backend] [main] o.s.d.j.r.query.QueryEnhancerFactories   : Hibernate is in classpath; If applicable, HQL parser will be used.
2026-01-01T08:32:22.963+07:00  INFO 32224 --- [auction-backend] [main] eAuthenticationProviderManagerConfigurer : Global AuthenticationManager configured with AuthenticationProvider bean with name authenticationProvider
2026-01-01T08:32:22.964+07:00  WARN 32224 --- [auction-backend] [main] r$InitializeUserDetailsManagerConfigurer : Global AuthenticationManager configured with an AuthenticationProvider bean. UserDetailsService beans will not be used by Spring Security for automatically configuring username/password login. Consider removing the AuthenticationProvider bean. Alternatively, consider using the UserDetailsService in a manually instantiated DaoAuthenticationProvider. If the current configuration is intentional, to turn off this warning, increase the logging level of 'org.springframework.security.config.annotation.authentication.configuration.InitializeUserDetailsBeanManagerConfigurer' to ERROR
2026-01-01T08:32:25.174+07:00  WARN 32224 --- [auction-backend] [main] JpaBaseConfiguration$JpaWebConfiguration : spring.jpa.open-in-view is enabled by default. Therefore, database queries may be performed during view rendering. Explicitly configure spring.jpa.open-in-view to disable this warning
2026-01-01T08:32:27.901+07:00  INFO 32224 --- [auction-backend] [main] o.s.boot.tomcat.TomcatWebServer          : Tomcat started on port 8080 (http) with context path '/'
2026-01-01T08:32:27.916+07:00  INFO 32224 --- [auction-backend] [main] c.a.a.AuctionBackendApplication          : Started AuctionBackendApplication in 20.249 seconds (process running for 22.463)
2026-01-01T08:32:37.931+07:00  INFO 32224 --- [auction-backend] [scheduling-1] c.a.a.scheduling.AuctionScheduler        : Scanning for expired auctions...
2026-01-01T08:32:38.514+07:00  INFO 32224 --- [auction-backend] [scheduling-1] c.a.a.scheduling.AuctionScheduler        : Found 2 expired auctions.
2026-01-01T08:33:01.830+07:00  INFO 32224 --- [auction-backend] [http-nio-8080-exec-1] o.a.c.c.C.[Tomcat].[localhost].[/]       : Initializing Spring DispatcherServlet 'dispatcherServlet'
2026-01-01T08:33:01.832+07:00  INFO 32224 --- [auction-backend] [http-nio-8080-exec-1] o.s.web.servlet.DispatcherServlet        : Initializing Servlet 'dispatcherServlet'
2026-01-01T08:33:01.836+07:00  INFO 32224 --- [auction-backend] [http-nio-8080-exec-1] o.s.web.servlet.DispatcherServlet        : Completed initialization in 3 ms
2026-01-01T08:33:02.027+07:00 ERROR 32224 --- [auction-backend] [http-nio-8080-exec-1] c.a.a.security.jwt.JwtUtils              : JWT token is expired: JWT expired at 2025-12-31T16:14:31Z. Current time: 2026-01-01T01:33:02Z, a difference of 33511025 milliseconds.  Allowed clock skew: 0 milliseconds.
2026-01-01T08:33:02.663+07:00  WARN 32224 --- [auction-backend] [http-nio-8080-exec-1] ration$PageModule$WarningLoggingModifier : Serializing PageImpl instances as-is is not supported, meaning that there is no guarantee about the stability of the resulting JSON structure!
	For a stable JSON structure, please use Spring Data's PagedModel (globally via @EnableSpringDataWebSupport(pageSerializationMode = VIA_DTO))
	or Spring HATEOAS and Spring Data's PagedResourcesAssembler as documented in https://docs.spring.io/spring-data/commons/reference/repositories/core-extensions.html#core.web.pageables.

2026-01-01T08:33:02.731+07:00 ERROR 32224 --- [auction-backend] [http-nio-8080-exec-2] c.a.a.security.jwt.JwtUtils              : JWT token is expired: JWT expired at 2025-12-31T16:14:31Z. Current time: 2026-01-01T01:33:02Z, a difference of 33511730 milliseconds.  Allowed clock skew: 0 milliseconds.
2026-01-01T08:33:11.165+07:00 ERROR 32224 --- [auction-backend] [http-nio-8080-exec-3] c.a.a.security.jwt.JwtUtils              : JWT token is expired: JWT expired at 2025-12-31T16:14:31Z. Current time: 2026-01-01T01:33:11Z, a difference of 33520165 milliseconds.  Allowed clock skew: 0 milliseconds.
2026-01-01T08:33:11.203+07:00 ERROR 32224 --- [auction-backend] [http-nio-8080-exec-4] c.a.a.security.jwt.JwtUtils              : JWT token is expired: JWT expired at 2025-12-31T16:14:31Z. Current time: 2026-01-01T01:33:11Z, a difference of 33520202 milliseconds.  Allowed clock skew: 0 milliseconds.
2026-01-01T08:33:21.139+07:00 ERROR 32224 --- [auction-backend] [http-nio-8080-exec-5] c.a.a.security.jwt.JwtUtils              : JWT token is expired: JWT expired at 2025-12-31T16:14:31Z. Current time: 2026-01-01T01:33:21Z, a difference of 33530139 milliseconds.  Allowed clock skew: 0 milliseconds.
2026-01-01T08:33:21.207+07:00 ERROR 32224 --- [auction-backend] [http-nio-8080-exec-6] c.a.a.security.jwt.JwtUtils              : JWT token is expired: JWT expired at 2025-12-31T16:14:31Z. Current time: 2026-01-01T01:33:21Z, a difference of 33530207 milliseconds.  Allowed clock skew: 0 milliseconds.
2026-01-01T08:33:37.926+07:00  INFO 32224 --- [auction-backend] [scheduling-1] c.a.a.scheduling.AuctionScheduler        : Scanning for expired auctions...
2026-01-01T08:33:37.932+07:00  INFO 32224 --- [auction-backend] [scheduling-1] c.a.a.scheduling.AuctionScheduler        : Found 2 expired auctions.
2026-01-01T08:34:37.918+07:00  INFO 32224 --- [auction-backend] [scheduling-1] c.a.a.scheduling.AuctionScheduler        : Scanning for expired auctions...
2026-01-01T08:34:37.922+07:00  INFO 32224 --- [auction-backend] [scheduling-1] c.a.a.scheduling.AuctionScheduler        : Found 2 expired auctions.
2026-01-01T08:35:37.917+07:00  INFO 32224 --- [auction-backend] [scheduling-1] c.a.a.scheduling.AuctionScheduler        : Scanning for expired auctions...
2026-01-01T08:35:37.920+07:00  INFO 32224 --- [auction-backend] [scheduling-1] c.a.a.scheduling.AuctionScheduler        : Found 2 expired auctions.
2026-01-01T08:36:37.914+07:00  INFO 32224 --- [auction-backend] [scheduling-1] c.a.a.scheduling.AuctionScheduler        : Scanning for expired auctions...
2026-01-01T08:36:37.917+07:00  INFO 32224 --- [auction-backend] [scheduling-1] c.a.a.scheduling.AuctionScheduler        : Found 2 expired auctions.
2026-01-01T08:37:37.916+07:00  INFO 32224 --- [auction-backend] [scheduling-1] c.a.a.scheduling.AuctionScheduler        : Scanning for expired auctions...
2026-01-01T08:37:37.918+07:00  INFO 32224 --- [auction-backend] [scheduling-1] c.a.a.scheduling.AuctionScheduler        : Found 2 expired auctions.
2026-01-01T08:38:37.919+07:00  INFO 32224 --- [auction-backend] [scheduling-1] c.a.a.scheduling.AuctionScheduler        : Scanning for expired auctions...
2026-01-01T08:38:37.922+07:00  INFO 32224 --- [auction-backend] [scheduling-1] c.a.a.scheduling.AuctionScheduler        : Found 2 expired auctions.
2026-01-01T08:39:37.913+07:00  INFO 32224 --- [auction-backend] [scheduling-1] c.a.a.scheduling.AuctionScheduler        : Scanning for expired auctions...
2026-01-01T08:39:37.916+07:00  INFO 32224 --- [auction-backend] [scheduling-1] c.a.a.scheduling.AuctionScheduler        : Found 2 expired auctions.
2026-01-01T08:40:37.925+07:00  INFO 32224 --- [auction-backend] [scheduling-1] c.a.a.scheduling.AuctionScheduler        : Scanning for expired auctions...
2026-01-01T08:40:37.928+07:00  INFO 32224 --- [auction-backend] [scheduling-1] c.a.a.scheduling.AuctionScheduler        : Found 2 expired auctions.
2026-01-01T08:41:37.925+07:00  INFO 32224 --- [auction-backend] [scheduling-1] c.a.a.scheduling.AuctionScheduler        : Scanning for expired auctions...
2026-01-01T08:41:37.928+07:00  INFO 32224 --- [auction-backend] [scheduling-1] c.a.a.scheduling.AuctionScheduler        : Found 2 expired auctions.
2026-01-01T08:42:37.914+07:00  INFO 32224 --- [auction-backend] [scheduling-1] c.a.a.scheduling.AuctionScheduler        : Scanning for expired auctions...
2026-01-01T08:42:37.917+07:00  INFO 32224 --- [auction-backend] [scheduling-1] c.a.a.scheduling.AuctionScheduler        : Found 2 expired auctions.
2026-01-01T08:43:37.925+07:00  INFO 32224 --- [auction-backend] [scheduling-1] c.a.a.scheduling.AuctionScheduler        : Scanning for expired auctions...
2026-01-01T08:43:37.928+07:00  INFO 32224 --- [auction-backend] [scheduling-1] c.a.a.scheduling.AuctionScheduler        : Found 2 expired auctions.
2026-01-01T08:44:37.923+07:00  INFO 32224 --- [auction-backend] [scheduling-1] c.a.a.scheduling.AuctionScheduler        : Scanning for expired auctions...
2026-01-01T08:44:37.927+07:00  INFO 32224 --- [auction-backend] [scheduling-1] c.a.a.scheduling.AuctionScheduler        : Found 2 expired auctions.
2026-01-01T08:45:37.913+07:00  INFO 32224 --- [auction-backend] [scheduling-1] c.a.a.scheduling.AuctionScheduler        : Scanning for expired auctions...
2026-01-01T08:45:37.916+07:00  INFO 32224 --- [auction-backend] [scheduling-1] c.a.a.scheduling.AuctionScheduler        : Found 2 expired auctions.
2026-01-01T08:46:37.927+07:00  INFO 32224 --- [auction-backend] [scheduling-1] c.a.a.scheduling.AuctionScheduler        : Scanning for expired auctions...
2026-01-01T08:46:37.930+07:00  INFO 32224 --- [auction-backend] [scheduling-1] c.a.a.scheduling.AuctionScheduler        : Found 2 expired auctions.
2026-01-01T08:47:37.929+07:00  INFO 32224 --- [auction-backend] [scheduling-1] c.a.a.scheduling.AuctionScheduler        : Scanning for expired auctions...
2026-01-01T08:47:37.935+07:00  INFO 32224 --- [auction-backend] [scheduling-1] c.a.a.scheduling.AuctionScheduler        : Found 2 expired auctions.
2026-01-01T08:48:37.926+07:00  INFO 32224 --- [auction-backend] [scheduling-1] c.a.a.scheduling.AuctionScheduler        : Scanning for expired auctions...
2026-01-01T08:48:37.933+07:00  INFO 32224 --- [auction-backend] [scheduling-1] c.a.a.scheduling.AuctionScheduler        : Found 2 expired auctions.
2026-01-01T08:49:37.925+07:00  INFO 32224 --- [auction-backend] [scheduling-1] c.a.a.scheduling.AuctionScheduler        : Scanning for expired auctions...
2026-01-01T08:49:37.925+07:00  INFO 32224 --- [auction-backend] [scheduling-1] c.a.a.scheduling.AuctionScheduler        : Found 2 expired auctions.
2026-01-01T08:50:37.914+07:00  INFO 32224 --- [auction-backend] [scheduling-1] c.a.a.scheduling.AuctionScheduler        : Scanning for expired auctions...
2026-01-01T08:50:37.917+07:00  INFO 32224 --- [auction-backend] [scheduling-1] c.a.a.scheduling.AuctionScheduler        : Found 2 expired auctions.
2026-01-01T08:51:37.933+07:00  INFO 32224 --- [auction-backend] [scheduling-1] c.a.a.scheduling.AuctionScheduler        : Scanning for expired auctions...
2026-01-01T08:51:37.933+07:00  INFO 32224 --- [auction-backend] [scheduling-1] c.a.a.scheduling.AuctionScheduler        : Found 2 expired auctions.
2026-01-01T08:52:37.928+07:00  INFO 32224 --- [auction-backend] [scheduling-1] c.a.a.scheduling.AuctionScheduler        : Scanning for expired auctions...
2026-01-01T08:52:37.935+07:00  INFO 32224 --- [auction-backend] [scheduling-1] c.a.a.scheduling.AuctionScheduler        : Found 2 expired auctions.
2026-01-01T08:53:37.914+07:00  INFO 32224 --- [auction-backend] [scheduling-1] c.a.a.scheduling.AuctionScheduler        : Scanning for expired auctions...
2026-01-01T08:53:37.919+07:00  INFO 32224 --- [auction-backend] [scheduling-1] c.a.a.scheduling.AuctionScheduler        : Found 2 expired auctions.
2026-01-01T08:54:37.917+07:00  INFO 32224 --- [auction-backend] [scheduling-1] c.a.a.scheduling.AuctionScheduler        : Scanning for expired auctions...
2026-01-01T08:54:37.919+07:00  INFO 32224 --- [auction-backend] [scheduling-1] c.a.a.scheduling.AuctionScheduler        : Found 2 expired auctions.
2026-01-01T08:55:37.916+07:00  INFO 32224 --- [auction-backend] [scheduling-1] c.a.a.scheduling.AuctionScheduler        : Scanning for expired auctions...
2026-01-01T08:55:37.922+07:00  INFO 32224 --- [auction-backend] [scheduling-1] c.a.a.scheduling.AuctionScheduler        : Found 2 expired auctions.
2026-01-01T08:56:37.924+07:00  INFO 32224 --- [auction-backend] [scheduling-1] c.a.a.scheduling.AuctionScheduler        : Scanning for expired auctions...
2026-01-01T08:56:37.926+07:00  INFO 32224 --- [auction-backend] [scheduling-1] c.a.a.scheduling.AuctionScheduler        : Found 2 expired auctions.
2026-01-01T08:57:37.917+07:00  INFO 32224 --- [auction-backend] [scheduling-1] c.a.a.scheduling.AuctionScheduler        : Scanning for expired auctions...
2026-01-01T08:57:37.920+07:00  INFO 32224 --- [auction-backend] [scheduling-1] c.a.a.scheduling.AuctionScheduler        : Found 2 expired auctions.
2026-01-01T08:58:37.923+07:00  INFO 32224 --- [auction-backend] [scheduling-1] c.a.a.scheduling.AuctionScheduler        : Scanning for expired auctions...
2026-01-01T08:58:37.928+07:00  INFO 32224 --- [auction-backend] [scheduling-1] c.a.a.scheduling.AuctionScheduler        : Found 2 expired auctions.
2026-01-01T08:59:37.916+07:00  INFO 32224 --- [auction-backend] [scheduling-1] c.a.a.scheduling.AuctionScheduler        : Scanning for expired auctions...
2026-01-01T08:59:37.925+07:00  INFO 32224 --- [auction-backend] [scheduling-1] c.a.a.scheduling.AuctionScheduler        : Found 2 expired auctions.
2026-01-01T09:00:37.920+07:00  INFO 32224 --- [auction-backend] [scheduling-1] c.a.a.scheduling.AuctionScheduler        : Scanning for expired auctions...
2026-01-01T09:00:37.922+07:00  INFO 32224 --- [auction-backend] [scheduling-1] c.a.a.scheduling.AuctionScheduler        : Found 2 expired auctions.
2026-01-01T09:01:37.926+07:00  INFO 32224 --- [auction-backend] [scheduling-1] c.a.a.scheduling.AuctionScheduler        : Scanning for expired auctions...
2026-01-01T09:01:37.929+07:00  INFO 32224 --- [auction-backend] [scheduling-1] c.a.a.scheduling.AuctionScheduler        : Found 2 expired auctions.
2026-01-01T09:02:37.918+07:00  INFO 32224 --- [auction-backend] [scheduling-1] c.a.a.scheduling.AuctionScheduler        : Scanning for expired auctions...
2026-01-01T09:02:37.918+07:00  INFO 32224 --- [auction-backend] [scheduling-1] c.a.a.scheduling.AuctionScheduler        : Found 2 expired auctions.
2026-01-01T09:03:37.915+07:00  INFO 32224 --- [auction-backend] [scheduling-1] c.a.a.scheduling.AuctionScheduler        : Scanning for expired auctions...
2026-01-01T09:03:37.915+07:00  INFO 32224 --- [auction-backend] [scheduling-1] c.a.a.scheduling.AuctionScheduler        : Found 2 expired auctions.
2026-01-01T09:04:37.924+07:00  INFO 32224 --- [auction-backend] [scheduling-1] c.a.a.scheduling.AuctionScheduler        : Scanning for expired auctions...
2026-01-01T09:04:37.927+07:00  INFO 32224 --- [auction-backend] [scheduling-1] c.a.a.scheduling.AuctionScheduler        : Found 2 expired auctions.
2026-01-01T09:05:37.915+07:00  INFO 32224 --- [auction-backend] [scheduling-1] c.a.a.scheduling.AuctionScheduler        : Scanning for expired auctions...
2026-01-01T09:05:37.915+07:00  INFO 32224 --- [auction-backend] [scheduling-1] c.a.a.scheduling.AuctionScheduler        : Found 2 expired auctions.
2026-01-01T09:06:37.922+07:00  INFO 32224 --- [auction-backend] [scheduling-1] c.a.a.scheduling.AuctionScheduler        : Scanning for expired auctions...
2026-01-01T09:06:37.922+07:00  INFO 32224 --- [auction-backend] [scheduling-1] c.a.a.scheduling.AuctionScheduler        : Found 2 expired auctions.
2026-01-01T09:07:37.922+07:00  INFO 32224 --- [auction-backend] [scheduling-1] c.a.a.scheduling.AuctionScheduler        : Scanning for expired auctions...
2026-01-01T09:07:37.925+07:00  INFO 32224 --- [auction-backend] [scheduling-1] c.a.a.scheduling.AuctionScheduler        : Found 2 expired auctions.
2026-01-01T09:08:37.914+07:00  INFO 32224 --- [auction-backend] [scheduling-1] c.a.a.scheduling.AuctionScheduler        : Scanning for expired auctions...
2026-01-01T09:08:37.917+07:00  INFO 32224 --- [auction-backend] [scheduling-1] c.a.a.scheduling.AuctionScheduler        : Found 2 expired auctions.
2026-01-01T09:09:37.912+07:00  INFO 32224 --- [auction-backend] [scheduling-1] c.a.a.scheduling.AuctionScheduler        : Scanning for expired auctions...
2026-01-01T09:09:37.912+07:00  INFO 32224 --- [auction-backend] [scheduling-1] c.a.a.scheduling.AuctionScheduler        : Found 2 expired auctions.
2026-01-01T09:10:37.927+07:00  INFO 32224 --- [auction-backend] [scheduling-1] c.a.a.scheduling.AuctionScheduler        : Scanning for expired auctions...
2026-01-01T09:10:37.927+07:00  INFO 32224 --- [auction-backend] [scheduling-1] c.a.a.scheduling.AuctionScheduler        : Found 2 expired auctions.
2026-01-01T09:11:37.924+07:00  INFO 32224 --- [auction-backend] [scheduling-1] c.a.a.scheduling.AuctionScheduler        : Scanning for expired auctions...
2026-01-01T09:11:37.924+07:00  INFO 32224 --- [auction-backend] [scheduling-1] c.a.a.scheduling.AuctionScheduler        : Found 2 expired auctions.
2026-01-01T09:12:37.915+07:00  INFO 32224 --- [auction-backend] [scheduling-1] c.a.a.scheduling.AuctionScheduler        : Scanning for expired auctions...
2026-01-01T09:12:37.915+07:00  INFO 32224 --- [auction-backend] [scheduling-1] c.a.a.scheduling.AuctionScheduler        : Found 2 expired auctions.
2026-01-01T09:13:37.915+07:00  INFO 32224 --- [auction-backend] [scheduling-1] c.a.a.scheduling.AuctionScheduler        : Scanning for expired auctions...
2026-01-01T09:13:37.915+07:00  INFO 32224 --- [auction-backend] [scheduling-1] c.a.a.scheduling.AuctionScheduler        : Found 2 expired auctions.
2026-01-01T09:14:37.919+07:00  INFO 32224 --- [auction-backend] [scheduling-1] c.a.a.scheduling.AuctionScheduler        : Scanning for expired auctions...
2026-01-01T09:14:37.921+07:00  INFO 32224 --- [auction-backend] [scheduling-1] c.a.a.scheduling.AuctionScheduler        : Found 2 expired auctions.
2026-01-01T09:15:37.912+07:00  INFO 32224 --- [auction-backend] [scheduling-1] c.a.a.scheduling.AuctionScheduler        : Scanning for expired auctions...
2026-01-01T09:15:37.912+07:00  INFO 32224 --- [auction-backend] [scheduling-1] c.a.a.scheduling.AuctionScheduler        : Found 2 expired auctions.
2026-01-01T09:16:37.922+07:00  INFO 32224 --- [auction-backend] [scheduling-1] c.a.a.scheduling.AuctionScheduler        : Scanning for expired auctions...
2026-01-01T09:16:37.922+07:00  INFO 32224 --- [auction-backend] [scheduling-1] c.a.a.scheduling.AuctionScheduler        : Found 2 expired auctions.
2026-01-01T09:17:37.932+07:00  INFO 32224 --- [auction-backend] [scheduling-1] c.a.a.scheduling.AuctionScheduler        : Scanning for expired auctions...
2026-01-01T09:17:37.932+07:00  INFO 32224 --- [auction-backend] [scheduling-1] c.a.a.scheduling.AuctionScheduler        : Found 2 expired auctions.
2026-01-01T09:18:37.912+07:00  INFO 32224 --- [auction-backend] [scheduling-1] c.a.a.scheduling.AuctionScheduler        : Scanning for expired auctions...
2026-01-01T09:18:37.915+07:00  INFO 32224 --- [auction-backend] [scheduling-1] c.a.a.scheduling.AuctionScheduler        : Found 2 expired auctions.
2026-01-01T09:19:37.915+07:00  INFO 32224 --- [auction-backend] [scheduling-1] c.a.a.scheduling.AuctionScheduler        : Scanning for expired auctions...
2026-01-01T09:19:37.918+07:00  INFO 32224 --- [auction-backend] [scheduling-1] c.a.a.scheduling.AuctionScheduler        : Found 2 expired auctions.
2026-01-01T09:20:37.916+07:00  INFO 32224 --- [auction-backend] [scheduling-1] c.a.a.scheduling.AuctionScheduler        : Scanning for expired auctions...
2026-01-01T09:20:37.916+07:00  INFO 32224 --- [auction-backend] [scheduling-1] c.a.a.scheduling.AuctionScheduler        : Found 2 expired auctions.
2026-01-01T09:21:37.927+07:00  INFO 32224 --- [auction-backend] [scheduling-1] c.a.a.scheduling.AuctionScheduler        : Scanning for expired auctions...
2026-01-01T09:21:37.927+07:00  INFO 32224 --- [auction-backend] [scheduling-1] c.a.a.scheduling.AuctionScheduler        : Found 2 expired auctions.
2026-01-01T09:22:37.919+07:00  INFO 32224 --- [auction-backend] [scheduling-1] c.a.a.scheduling.AuctionScheduler        : Scanning for expired auctions...
2026-01-01T09:22:37.921+07:00  INFO 32224 --- [auction-backend] [scheduling-1] c.a.a.scheduling.AuctionScheduler        : Found 2 expired auctions.
2026-01-01T09:23:37.914+07:00  INFO 32224 --- [auction-backend] [scheduling-1] c.a.a.scheduling.AuctionScheduler        : Scanning for expired auctions...
2026-01-01T09:23:37.914+07:00  INFO 32224 --- [auction-backend] [scheduling-1] c.a.a.scheduling.AuctionScheduler        : Found 2 expired auctions.
2026-01-01T09:24:37.919+07:00  INFO 32224 --- [auction-backend] [scheduling-1] c.a.a.scheduling.AuctionScheduler        : Scanning for expired auctions...
2026-01-01T09:24:37.923+07:00  INFO 32224 --- [auction-backend] [scheduling-1] c.a.a.scheduling.AuctionScheduler        : Found 2 expired auctions.
2026-01-01T09:25:37.917+07:00  INFO 32224 --- [auction-backend] [scheduling-1] c.a.a.scheduling.AuctionScheduler        : Scanning for expired auctions...
2026-01-01T09:25:37.917+07:00  INFO 32224 --- [auction-backend] [scheduling-1] c.a.a.scheduling.AuctionScheduler        : Found 2 expired auctions.
2026-01-01T09:26:37.914+07:00  INFO 32224 --- [auction-backend] [scheduling-1] c.a.a.scheduling.AuctionScheduler        : Scanning for expired auctions...
2026-01-01T09:26:37.917+07:00  INFO 32224 --- [auction-backend] [scheduling-1] c.a.a.scheduling.AuctionScheduler        : Found 2 expired auctions.
2026-01-01T09:27:37.917+07:00  INFO 32224 --- [auction-backend] [scheduling-1] c.a.a.scheduling.AuctionScheduler        : Scanning for expired auctions...
2026-01-01T09:27:37.917+07:00  INFO 32224 --- [auction-backend] [scheduling-1] c.a.a.scheduling.AuctionScheduler        : Found 2 expired auctions.
2026-01-01T09:28:37.914+07:00  INFO 32224 --- [auction-backend] [scheduling-1] c.a.a.scheduling.AuctionScheduler        : Scanning for expired auctions...
2026-01-01T09:28:37.916+07:00  INFO 32224 --- [auction-backend] [scheduling-1] c.a.a.scheduling.AuctionScheduler        : Found 2 expired auctions.
2026-01-01T09:29:37.926+07:00  INFO 32224 --- [auction-backend] [scheduling-1] c.a.a.scheduling.AuctionScheduler        : Scanning for expired auctions...
2026-01-01T09:29:37.926+07:00  INFO 32224 --- [auction-backend] [scheduling-1] c.a.a.scheduling.AuctionScheduler        : Found 2 expired auctions.
2026-01-01T09:30:37.915+07:00  INFO 32224 --- [auction-backend] [scheduling-1] c.a.a.scheduling.AuctionScheduler        : Scanning for expired auctions...
2026-01-01T09:30:37.915+07:00  INFO 32224 --- [auction-backend] [scheduling-1] c.a.a.scheduling.AuctionScheduler        : Found 2 expired auctions.
2026-01-01T09:31:37.920+07:00  INFO 32224 --- [auction-backend] [scheduling-1] c.a.a.scheduling.AuctionScheduler        : Scanning for expired auctions...
2026-01-01T09:31:37.920+07:00  INFO 32224 --- [auction-backend] [scheduling-1] c.a.a.scheduling.AuctionScheduler        : Found 2 expired auctions.
2026-01-01T09:32:37.927+07:00  INFO 32224 --- [auction-backend] [scheduling-1] c.a.a.scheduling.AuctionScheduler        : Scanning for expired auctions...
2026-01-01T09:32:37.927+07:00  INFO 32224 --- [auction-backend] [scheduling-1] c.a.a.scheduling.AuctionScheduler        : Found 2 expired auctions.
2026-01-01T09:33:37.923+07:00  INFO 32224 --- [auction-backend] [scheduling-1] c.a.a.scheduling.AuctionScheduler        : Scanning for expired auctions...
2026-01-01T09:33:37.923+07:00  INFO 32224 --- [auction-backend] [scheduling-1] c.a.a.scheduling.AuctionScheduler        : Found 2 expired auctions.
2026-01-01T09:34:37.921+07:00  INFO 32224 --- [auction-backend] [scheduling-1] c.a.a.scheduling.AuctionScheduler        : Scanning for expired auctions...
2026-01-01T09:34:37.921+07:00  INFO 32224 --- [auction-backend] [scheduling-1] c.a.a.scheduling.AuctionScheduler        : Found 2 expired auctions.
2026-01-01T09:35:37.915+07:00  INFO 32224 --- [auction-backend] [scheduling-1] c.a.a.scheduling.AuctionScheduler        : Scanning for expired auctions...
2026-01-01T09:35:37.915+07:00  INFO 32224 --- [auction-backend] [scheduling-1] c.a.a.scheduling.AuctionScheduler        : Found 2 expired auctions.
2026-01-01T09:36:37.914+07:00  INFO 32224 --- [auction-backend] [scheduling-1] c.a.a.scheduling.AuctionScheduler        : Scanning for expired auctions...
2026-01-01T09:36:37.915+07:00  INFO 32224 --- [auction-backend] [scheduling-1] c.a.a.scheduling.AuctionScheduler        : Found 2 expired auctions.
2026-01-01T09:37:37.921+07:00  INFO 32224 --- [auction-backend] [scheduling-1] c.a.a.scheduling.AuctionScheduler        : Scanning for expired auctions...
2026-01-01T09:37:37.921+07:00  INFO 32224 --- [auction-backend] [scheduling-1] c.a.a.scheduling.AuctionScheduler        : Found 2 expired auctions.
2026-01-01T09:38:37.921+07:00  INFO 32224 --- [auction-backend] [scheduling-1] c.a.a.scheduling.AuctionScheduler        : Scanning for expired auctions...
2026-01-01T09:38:37.921+07:00  INFO 32224 --- [auction-backend] [scheduling-1] c.a.a.scheduling.AuctionScheduler        : Found 2 expired auctions.
2026-01-01T09:39:37.912+07:00  INFO 32224 --- [auction-backend] [scheduling-1] c.a.a.scheduling.AuctionScheduler        : Scanning for expired auctions...
2026-01-01T09:39:37.915+07:00  INFO 32224 --- [auction-backend] [scheduling-1] c.a.a.scheduling.AuctionScheduler        : Found 2 expired auctions.
2026-01-01T09:40:37.925+07:00  INFO 32224 --- [auction-backend] [scheduling-1] c.a.a.scheduling.AuctionScheduler        : Scanning for expired auctions...
2026-01-01T09:40:37.925+07:00  INFO 32224 --- [auction-backend] [scheduling-1] c.a.a.scheduling.AuctionScheduler        : Found 2 expired auctions.
2026-01-01T09:41:37.923+07:00  INFO 32224 --- [auction-backend] [scheduling-1] c.a.a.scheduling.AuctionScheduler        : Scanning for expired auctions...
2026-01-01T09:41:37.923+07:00  INFO 32224 --- [auction-backend] [scheduling-1] c.a.a.scheduling.AuctionScheduler        : Found 2 expired auctions.
2026-01-01T09:42:37.920+07:00  INFO 32224 --- [auction-backend] [scheduling-1] c.a.a.scheduling.AuctionScheduler        : Scanning for expired auctions...
2026-01-01T09:42:37.920+07:00  INFO 32224 --- [auction-backend] [scheduling-1] c.a.a.scheduling.AuctionScheduler        : Found 2 expired auctions.
2026-01-01T09:43:37.914+07:00  INFO 32224 --- [auction-backend] [scheduling-1] c.a.a.scheduling.AuctionScheduler        : Scanning for expired auctions...
2026-01-01T09:43:37.914+07:00  INFO 32224 --- [auction-backend] [scheduling-1] c.a.a.scheduling.AuctionScheduler        : Found 2 expired auctions.
2026-01-01T09:44:37.927+07:00  INFO 32224 --- [auction-backend] [scheduling-1] c.a.a.scheduling.AuctionScheduler        : Scanning for expired auctions...
2026-01-01T09:44:37.927+07:00  INFO 32224 --- [auction-backend] [scheduling-1] c.a.a.scheduling.AuctionScheduler        : Found 2 expired auctions.
2026-01-01T09:45:37.920+07:00  INFO 32224 --- [auction-backend] [scheduling-1] c.a.a.scheduling.AuctionScheduler        : Scanning for expired auctions...
2026-01-01T09:45:37.920+07:00  INFO 32224 --- [auction-backend] [scheduling-1] c.a.a.scheduling.AuctionScheduler        : Found 2 expired auctions.
2026-01-01T09:46:37.919+07:00  INFO 32224 --- [auction-backend] [scheduling-1] c.a.a.scheduling.AuctionScheduler        : Scanning for expired auctions...
2026-01-01T09:46:37.919+07:00  INFO 32224 --- [auction-backend] [scheduling-1] c.a.a.scheduling.AuctionScheduler        : Found 2 expired auctions.
2026-01-01T09:47:37.923+07:00  INFO 32224 --- [auction-backend] [scheduling-1] c.a.a.scheduling.AuctionScheduler        : Scanning for expired auctions...
2026-01-01T09:47:37.923+07:00  INFO 32224 --- [auction-backend] [scheduling-1] c.a.a.scheduling.AuctionScheduler        : Found 2 expired auctions.
2026-01-01T09:48:37.917+07:00  INFO 32224 --- [auction-backend] [scheduling-1] c.a.a.scheduling.AuctionScheduler        : Scanning for expired auctions...
2026-01-01T09:48:37.919+07:00  INFO 32224 --- [auction-backend] [scheduling-1] c.a.a.scheduling.AuctionScheduler        : Found 2 expired auctions.
2026-01-01T09:49:37.922+07:00  INFO 32224 --- [auction-backend] [scheduling-1] c.a.a.scheduling.AuctionScheduler        : Scanning for expired auctions...
2026-01-01T09:49:37.922+07:00  INFO 32224 --- [auction-backend] [scheduling-1] c.a.a.scheduling.AuctionScheduler        : Found 2 expired auctions.
2026-01-01T09:50:37.925+07:00  INFO 32224 --- [auction-backend] [scheduling-1] c.a.a.scheduling.AuctionScheduler        : Scanning for expired auctions...
2026-01-01T09:50:37.925+07:00  INFO 32224 --- [auction-backend] [scheduling-1] c.a.a.scheduling.AuctionScheduler        : Found 2 expired auctions.
2026-01-01T09:51:37.924+07:00  INFO 32224 --- [auction-backend] [scheduling-1] c.a.a.scheduling.AuctionScheduler        : Scanning for expired auctions...
2026-01-01T09:51:37.924+07:00  INFO 32224 --- [auction-backend] [scheduling-1] c.a.a.scheduling.AuctionScheduler        : Found 2 expired auctions.
2026-01-01T09:52:37.918+07:00  INFO 32224 --- [auction-backend] [scheduling-1] c.a.a.scheduling.AuctionScheduler        : Scanning for expired auctions...
2026-01-01T09:52:37.918+07:00  INFO 32224 --- [auction-backend] [scheduling-1] c.a.a.scheduling.AuctionScheduler        : Found 2 expired auctions.
2026-01-01T09:53:37.922+07:00  INFO 32224 --- [auction-backend] [scheduling-1] c.a.a.scheduling.AuctionScheduler        : Scanning for expired auctions...
2026-01-01T09:53:37.922+07:00  INFO 32224 --- [auction-backend] [scheduling-1] c.a.a.scheduling.AuctionScheduler        : Found 2 expired auctions.
2026-01-01T09:54:37.913+07:00  INFO 32224 --- [auction-backend] [scheduling-1] c.a.a.scheduling.AuctionScheduler        : Scanning for expired auctions...
2026-01-01T09:54:37.913+07:00  INFO 32224 --- [auction-backend] [scheduling-1] c.a.a.scheduling.AuctionScheduler        : Found 2 expired auctions.
2026-01-01T09:55:37.921+07:00  INFO 32224 --- [auction-backend] [scheduling-1] c.a.a.scheduling.AuctionScheduler        : Scanning for expired auctions...
2026-01-01T09:55:37.921+07:00  INFO 32224 --- [auction-backend] [scheduling-1] c.a.a.scheduling.AuctionScheduler        : Found 2 expired auctions.
2026-01-01T09:56:37.912+07:00  INFO 32224 --- [auction-backend] [scheduling-1] c.a.a.scheduling.AuctionScheduler        : Scanning for expired auctions...
2026-01-01T09:56:37.912+07:00  INFO 32224 --- [auction-backend] [scheduling-1] c.a.a.scheduling.AuctionScheduler        : Found 2 expired auctions.
2026-01-01T09:57:37.927+07:00  INFO 32224 --- [auction-backend] [scheduling-1] c.a.a.scheduling.AuctionScheduler        : Scanning for expired auctions...
2026-01-01T09:57:37.927+07:00  INFO 32224 --- [auction-backend] [scheduling-1] c.a.a.scheduling.AuctionScheduler        : Found 2 expired auctions.
2026-01-01T09:58:37.921+07:00  INFO 32224 --- [auction-backend] [scheduling-1] c.a.a.scheduling.AuctionScheduler        : Scanning for expired auctions...
2026-01-01T09:58:37.921+07:00  INFO 32224 --- [auction-backend] [scheduling-1] c.a.a.scheduling.AuctionScheduler        : Found 2 expired auctions.
2026-01-01T09:59:37.921+07:00  INFO 32224 --- [auction-backend] [scheduling-1] c.a.a.scheduling.AuctionScheduler        : Scanning for expired auctions...
2026-01-01T09:59:37.921+07:00  INFO 32224 --- [auction-backend] [scheduling-1] c.a.a.scheduling.AuctionScheduler        : Found 2 expired auctions.
2026-01-01T10:00:37.914+07:00  INFO 32224 --- [auction-backend] [scheduling-1] c.a.a.scheduling.AuctionScheduler        : Scanning for expired auctions...
2026-01-01T10:00:37.916+07:00  INFO 32224 --- [auction-backend] [scheduling-1] c.a.a.scheduling.AuctionScheduler        : Found 2 expired auctions.
2026-01-01T10:01:37.925+07:00  INFO 32224 --- [auction-backend] [scheduling-1] c.a.a.scheduling.AuctionScheduler        : Scanning for expired auctions...
2026-01-01T10:01:37.925+07:00  INFO 32224 --- [auction-backend] [scheduling-1] c.a.a.scheduling.AuctionScheduler        : Found 2 expired auctions.
2026-01-01T10:02:37.924+07:00  INFO 32224 --- [auction-backend] [scheduling-1] c.a.a.scheduling.AuctionScheduler        : Scanning for expired auctions...
2026-01-01T10:02:37.924+07:00  INFO 32224 --- [auction-backend] [scheduling-1] c.a.a.scheduling.AuctionScheduler        : Found 2 expired auctions.
2026-01-01T10:03:37.916+07:00  INFO 32224 --- [auction-backend] [scheduling-1] c.a.a.scheduling.AuctionScheduler        : Scanning for expired auctions...
2026-01-01T10:03:37.918+07:00  INFO 32224 --- [auction-backend] [scheduling-1] c.a.a.scheduling.AuctionScheduler        : Found 2 expired auctions.
2026-01-01T10:04:37.917+07:00  INFO 32224 --- [auction-backend] [scheduling-1] c.a.a.scheduling.AuctionScheduler        : Scanning for expired auctions...
2026-01-01T10:04:37.917+07:00  INFO 32224 --- [auction-backend] [scheduling-1] c.a.a.scheduling.AuctionScheduler        : Found 2 expired auctions.
2026-01-01T10:05:37.916+07:00  INFO 32224 --- [auction-backend] [scheduling-1] c.a.a.scheduling.AuctionScheduler        : Scanning for expired auctions...
2026-01-01T10:05:37.916+07:00  INFO 32224 --- [auction-backend] [scheduling-1] c.a.a.scheduling.AuctionScheduler        : Found 2 expired auctions.
2026-01-01T10:06:37.918+07:00  INFO 32224 --- [auction-backend] [scheduling-1] c.a.a.scheduling.AuctionScheduler        : Scanning for expired auctions...
2026-01-01T10:06:37.918+07:00  INFO 32224 --- [auction-backend] [scheduling-1] c.a.a.scheduling.AuctionScheduler        : Found 2 expired auctions.
2026-01-01T10:07:37.916+07:00  INFO 32224 --- [auction-backend] [scheduling-1] c.a.a.scheduling.AuctionScheduler        : Scanning for expired auctions...
2026-01-01T10:07:37.916+07:00  INFO 32224 --- [auction-backend] [scheduling-1] c.a.a.scheduling.AuctionScheduler        : Found 2 expired auctions.
2026-01-01T10:08:37.927+07:00  INFO 32224 --- [auction-backend] [scheduling-1] c.a.a.scheduling.AuctionScheduler        : Scanning for expired auctions...
2026-01-01T10:08:37.927+07:00  INFO 32224 --- [auction-backend] [scheduling-1] c.a.a.scheduling.AuctionScheduler        : Found 2 expired auctions.
2026-01-01T10:09:37.914+07:00  INFO 32224 --- [auction-backend] [scheduling-1] c.a.a.scheduling.AuctionScheduler        : Scanning for expired auctions...
2026-01-01T10:09:37.914+07:00  INFO 32224 --- [auction-backend] [scheduling-1] c.a.a.scheduling.AuctionScheduler        : Found 2 expired auctions.
2026-01-01T10:10:37.916+07:00  INFO 32224 --- [auction-backend] [scheduling-1] c.a.a.scheduling.AuctionScheduler        : Scanning for expired auctions...
2026-01-01T10:10:37.916+07:00  INFO 32224 --- [auction-backend] [scheduling-1] c.a.a.scheduling.AuctionScheduler        : Found 2 expired auctions.
2026-01-01T10:11:37.923+07:00  INFO 32224 --- [auction-backend] [scheduling-1] c.a.a.scheduling.AuctionScheduler        : Scanning for expired auctions...
2026-01-01T10:11:37.923+07:00  INFO 32224 --- [auction-backend] [scheduling-1] c.a.a.scheduling.AuctionScheduler        : Found 2 expired auctions.
2026-01-01T10:12:37.921+07:00  INFO 32224 --- [auction-backend] [scheduling-1] c.a.a.scheduling.AuctionScheduler        : Scanning for expired auctions...
2026-01-01T10:12:37.921+07:00  INFO 32224 --- [auction-backend] [scheduling-1] c.a.a.scheduling.AuctionScheduler        : Found 2 expired auctions.
2026-01-01T10:13:37.900+07:00  INFO 32224 --- [auction-backend] [scheduling-1] c.a.a.scheduling.AuctionScheduler        : Scanning for expired auctions...
2026-01-01T10:13:37.900+07:00  INFO 32224 --- [auction-backend] [scheduling-1] c.a.a.scheduling.AuctionScheduler        : Found 2 expired auctions.
2026-01-01T10:14:37.885+07:00  INFO 32224 --- [auction-backend] [scheduling-1] c.a.a.scheduling.AuctionScheduler        : Scanning for expired auctions...
2026-01-01T10:14:37.885+07:00  INFO 32224 --- [auction-backend] [scheduling-1] c.a.a.scheduling.AuctionScheduler        : Found 2 expired auctions.
2026-01-01T10:15:37.875+07:00  INFO 32224 --- [auction-backend] [scheduling-1] c.a.a.scheduling.AuctionScheduler        : Scanning for expired auctions...
2026-01-01T10:15:37.875+07:00  INFO 32224 --- [auction-backend] [scheduling-1] c.a.a.scheduling.AuctionScheduler        : Found 2 expired auctions.
2026-01-01T10:16:37.862+07:00  INFO 32224 --- [auction-backend] [scheduling-1] c.a.a.scheduling.AuctionScheduler        : Scanning for expired auctions...
2026-01-01T10:16:37.862+07:00  INFO 32224 --- [auction-backend] [scheduling-1] c.a.a.scheduling.AuctionScheduler        : Found 2 expired auctions.
2026-01-01T10:17:37.855+07:00  INFO 32224 --- [auction-backend] [scheduling-1] c.a.a.scheduling.AuctionScheduler        : Scanning for expired auctions...
2026-01-01T10:17:37.855+07:00  INFO 32224 --- [auction-backend] [scheduling-1] c.a.a.scheduling.AuctionScheduler        : Found 2 expired auctions.
2026-01-01T10:18:37.832+07:00  INFO 32224 --- [auction-backend] [scheduling-1] c.a.a.scheduling.AuctionScheduler        : Scanning for expired auctions...
2026-01-01T10:18:37.832+07:00  INFO 32224 --- [auction-backend] [scheduling-1] c.a.a.scheduling.AuctionScheduler        : Found 2 expired auctions.
2026-01-01T10:19:37.821+07:00  INFO 32224 --- [auction-backend] [scheduling-1] c.a.a.scheduling.AuctionScheduler        : Scanning for expired auctions...
2026-01-01T10:19:37.821+07:00  INFO 32224 --- [auction-backend] [scheduling-1] c.a.a.scheduling.AuctionScheduler        : Found 2 expired auctions.
2026-01-01T10:20:37.804+07:00  INFO 32224 --- [auction-backend] [scheduling-1] c.a.a.scheduling.AuctionScheduler        : Scanning for expired auctions...
2026-01-01T10:20:37.804+07:00  INFO 32224 --- [auction-backend] [scheduling-1] c.a.a.scheduling.AuctionScheduler        : Found 2 expired auctions.
2026-01-01T10:21:37.789+07:00  INFO 32224 --- [auction-backend] [scheduling-1] c.a.a.scheduling.AuctionScheduler        : Scanning for expired auctions...
2026-01-01T10:21:37.789+07:00  INFO 32224 --- [auction-backend] [scheduling-1] c.a.a.scheduling.AuctionScheduler        : Found 2 expired auctions.
2026-01-01T10:22:37.782+07:00  INFO 32224 --- [auction-backend] [scheduling-1] c.a.a.scheduling.AuctionScheduler        : Scanning for expired auctions...
2026-01-01T10:22:37.782+07:00  INFO 32224 --- [auction-backend] [scheduling-1] c.a.a.scheduling.AuctionScheduler        : Found 2 expired auctions.
2026-01-01T10:23:37.771+07:00  INFO 32224 --- [auction-backend] [scheduling-1] c.a.a.scheduling.AuctionScheduler        : Scanning for expired auctions...
2026-01-01T10:23:37.771+07:00  INFO 32224 --- [auction-backend] [scheduling-1] c.a.a.scheduling.AuctionScheduler        : Found 2 expired auctions.
2026-01-01T10:24:37.759+07:00  INFO 32224 --- [auction-backend] [scheduling-1] c.a.a.scheduling.AuctionScheduler        : Scanning for expired auctions...
2026-01-01T10:24:37.759+07:00  INFO 32224 --- [auction-backend] [scheduling-1] c.a.a.scheduling.AuctionScheduler        : Found 2 expired auctions.
2026-01-01T10:25:37.742+07:00  INFO 32224 --- [auction-backend] [scheduling-1] c.a.a.scheduling.AuctionScheduler        : Scanning for expired auctions...
2026-01-01T10:25:37.742+07:00  INFO 32224 --- [auction-backend] [scheduling-1] c.a.a.scheduling.AuctionScheduler        : Found 2 expired auctions.
2026-01-01T10:26:37.720+07:00  INFO 32224 --- [auction-backend] [scheduling-1] c.a.a.scheduling.AuctionScheduler        : Scanning for expired auctions...
2026-01-01T10:26:37.720+07:00  INFO 32224 --- [auction-backend] [scheduling-1] c.a.a.scheduling.AuctionScheduler        : Found 2 expired auctions.
2026-01-01T10:27:37.709+07:00  INFO 32224 --- [auction-backend] [scheduling-1] c.a.a.scheduling.AuctionScheduler        : Scanning for expired auctions...
2026-01-01T10:27:37.709+07:00  INFO 32224 --- [auction-backend] [scheduling-1] c.a.a.scheduling.AuctionScheduler        : Found 2 expired auctions.
2026-01-01T10:28:37.694+07:00  INFO 32224 --- [auction-backend] [scheduling-1] c.a.a.scheduling.AuctionScheduler        : Scanning for expired auctions...
2026-01-01T10:28:37.694+07:00  INFO 32224 --- [auction-backend] [scheduling-1] c.a.a.scheduling.AuctionScheduler        : Found 2 expired auctions.
2026-01-01T10:29:37.690+07:00  INFO 32224 --- [auction-backend] [scheduling-1] c.a.a.scheduling.AuctionScheduler        : Scanning for expired auctions...
2026-01-01T10:29:37.690+07:00  INFO 32224 --- [auction-backend] [scheduling-1] c.a.a.scheduling.AuctionScheduler        : Found 2 expired auctions.
2026-01-01T10:30:37.679+07:00  INFO 32224 --- [auction-backend] [scheduling-1] c.a.a.scheduling.AuctionScheduler        : Scanning for expired auctions...
2026-01-01T10:30:37.679+07:00  INFO 32224 --- [auction-backend] [scheduling-1] c.a.a.scheduling.AuctionScheduler        : Found 2 expired auctions.
2026-01-01T10:31:37.666+07:00  INFO 32224 --- [auction-backend] [scheduling-1] c.a.a.scheduling.AuctionScheduler        : Scanning for expired auctions...
2026-01-01T10:31:37.666+07:00  INFO 32224 --- [auction-backend] [scheduling-1] c.a.a.scheduling.AuctionScheduler        : Found 2 expired auctions.
2026-01-01T10:32:37.645+07:00  INFO 32224 --- [auction-backend] [scheduling-1] c.a.a.scheduling.AuctionScheduler        : Scanning for expired auctions...
2026-01-01T10:32:37.645+07:00  INFO 32224 --- [auction-backend] [scheduling-1] c.a.a.scheduling.AuctionScheduler        : Found 2 expired auctions.
2026-01-01T10:33:37.640+07:00  INFO 32224 --- [auction-backend] [scheduling-1] c.a.a.scheduling.AuctionScheduler        : Scanning for expired auctions...
2026-01-01T10:33:37.640+07:00  INFO 32224 --- [auction-backend] [scheduling-1] c.a.a.scheduling.AuctionScheduler        : Found 2 expired auctions.
2026-01-01T10:34:37.632+07:00  INFO 32224 --- [auction-backend] [scheduling-1] c.a.a.scheduling.AuctionScheduler        : Scanning for expired auctions...
2026-01-01T10:34:37.632+07:00  INFO 32224 --- [auction-backend] [scheduling-1] c.a.a.scheduling.AuctionScheduler        : Found 2 expired auctions.
2026-01-01T10:35:37.619+07:00  INFO 32224 --- [auction-backend] [scheduling-1] c.a.a.scheduling.AuctionScheduler        : Scanning for expired auctions...
2026-01-01T10:35:37.619+07:00  INFO 32224 --- [auction-backend] [scheduling-1] c.a.a.scheduling.AuctionScheduler        : Found 2 expired auctions.
2026-01-01T10:36:37.613+07:00  INFO 32224 --- [auction-backend] [scheduling-1] c.a.a.scheduling.AuctionScheduler        : Scanning for expired auctions...
2026-01-01T10:36:37.613+07:00  INFO 32224 --- [auction-backend] [scheduling-1] c.a.a.scheduling.AuctionScheduler        : Found 2 expired auctions.
2026-01-01T10:37:37.607+07:00  INFO 32224 --- [auction-backend] [scheduling-1] c.a.a.scheduling.AuctionScheduler        : Scanning for expired auctions...
2026-01-01T10:37:37.607+07:00  INFO 32224 --- [auction-backend] [scheduling-1] c.a.a.scheduling.AuctionScheduler        : Found 2 expired auctions.
2026-01-01T10:38:37.597+07:00  INFO 32224 --- [auction-backend] [scheduling-1] c.a.a.scheduling.AuctionScheduler        : Scanning for expired auctions...
2026-01-01T10:38:37.597+07:00  INFO 32224 --- [auction-backend] [scheduling-1] c.a.a.scheduling.AuctionScheduler        : Found 2 expired auctions.
2026-01-01T10:39:37.582+07:00  INFO 32224 --- [auction-backend] [scheduling-1] c.a.a.scheduling.AuctionScheduler        : Scanning for expired auctions...
2026-01-01T10:39:37.582+07:00  INFO 32224 --- [auction-backend] [scheduling-1] c.a.a.scheduling.AuctionScheduler        : Found 2 expired auctions.
2026-01-01T10:40:37.571+07:00  INFO 32224 --- [auction-backend] [scheduling-1] c.a.a.scheduling.AuctionScheduler        : Scanning for expired auctions...
2026-01-01T10:40:37.571+07:00  INFO 32224 --- [auction-backend] [scheduling-1] c.a.a.scheduling.AuctionScheduler        : Found 2 expired auctions.
2026-01-01T10:41:37.563+07:00  INFO 32224 --- [auction-backend] [scheduling-1] c.a.a.scheduling.AuctionScheduler        : Scanning for expired auctions...
2026-01-01T10:41:37.565+07:00  INFO 32224 --- [auction-backend] [scheduling-1] c.a.a.scheduling.AuctionScheduler        : Found 2 expired auctions.
2026-01-01T10:42:37.557+07:00  INFO 32224 --- [auction-backend] [scheduling-1] c.a.a.scheduling.AuctionScheduler        : Scanning for expired auctions...
2026-01-01T10:42:37.557+07:00  INFO 32224 --- [auction-backend] [scheduling-1] c.a.a.scheduling.AuctionScheduler        : Found 2 expired auctions.
2026-01-01T10:43:37.547+07:00  INFO 32224 --- [auction-backend] [scheduling-1] c.a.a.scheduling.AuctionScheduler        : Scanning for expired auctions...
2026-01-01T10:43:37.547+07:00  INFO 32224 --- [auction-backend] [scheduling-1] c.a.a.scheduling.AuctionScheduler        : Found 2 expired auctions.
2026-01-01T10:44:37.528+07:00  INFO 32224 --- [auction-backend] [scheduling-1] c.a.a.scheduling.AuctionScheduler        : Scanning for expired auctions...
2026-01-01T10:44:37.528+07:00  INFO 32224 --- [auction-backend] [scheduling-1] c.a.a.scheduling.AuctionScheduler        : Found 2 expired auctions.
2026-01-01T10:45:37.520+07:00  INFO 32224 --- [auction-backend] [scheduling-1] c.a.a.scheduling.AuctionScheduler        : Scanning for expired auctions...
2026-01-01T10:45:37.522+07:00  INFO 32224 --- [auction-backend] [scheduling-1] c.a.a.scheduling.AuctionScheduler        : Found 2 expired auctions.
2026-01-01T10:46:37.511+07:00  INFO 32224 --- [auction-backend] [scheduling-1] c.a.a.scheduling.AuctionScheduler        : Scanning for expired auctions...
2026-01-01T10:46:37.514+07:00  INFO 32224 --- [auction-backend] [scheduling-1] c.a.a.scheduling.AuctionScheduler        : Found 2 expired auctions.
2026-01-01T10:47:37.501+07:00  INFO 32224 --- [auction-backend] [scheduling-1] c.a.a.scheduling.AuctionScheduler        : Scanning for expired auctions...
2026-01-01T10:47:37.502+07:00  INFO 32224 --- [auction-backend] [scheduling-1] c.a.a.scheduling.AuctionScheduler        : Found 2 expired auctions.
2026-01-01T10:48:37.504+07:00  INFO 32224 --- [auction-backend] [scheduling-1] c.a.a.scheduling.AuctionScheduler        : Scanning for expired auctions...
2026-01-01T10:48:37.507+07:00  INFO 32224 --- [auction-backend] [scheduling-1] c.a.a.scheduling.AuctionScheduler        : Found 2 expired auctions.
2026-01-01T10:49:37.488+07:00  INFO 32224 --- [auction-backend] [scheduling-1] c.a.a.scheduling.AuctionScheduler        : Scanning for expired auctions...
2026-01-01T10:49:37.488+07:00  INFO 32224 --- [auction-backend] [scheduling-1] c.a.a.scheduling.AuctionScheduler        : Found 2 expired auctions.
2026-01-01T10:50:37.481+07:00  INFO 32224 --- [auction-backend] [scheduling-1] c.a.a.scheduling.AuctionScheduler        : Scanning for expired auctions...
2026-01-01T10:50:37.481+07:00  INFO 32224 --- [auction-backend] [scheduling-1] c.a.a.scheduling.AuctionScheduler        : Found 2 expired auctions.
2026-01-01T10:51:37.479+07:00  INFO 32224 --- [auction-backend] [scheduling-1] c.a.a.scheduling.AuctionScheduler        : Scanning for expired auctions...
2026-01-01T10:51:37.479+07:00  INFO 32224 --- [auction-backend] [scheduling-1] c.a.a.scheduling.AuctionScheduler        : Found 2 expired auctions.
2026-01-01T10:52:37.471+07:00  INFO 32224 --- [auction-backend] [scheduling-1] c.a.a.scheduling.AuctionScheduler        : Scanning for expired auctions...
2026-01-01T10:52:37.473+07:00  INFO 32224 --- [auction-backend] [scheduling-1] c.a.a.scheduling.AuctionScheduler        : Found 2 expired auctions.
2026-01-01T10:53:37.458+07:00  INFO 32224 --- [auction-backend] [scheduling-1] c.a.a.scheduling.AuctionScheduler        : Scanning for expired auctions...
2026-01-01T10:53:37.458+07:00  INFO 32224 --- [auction-backend] [scheduling-1] c.a.a.scheduling.AuctionScheduler        : Found 2 expired auctions.
2026-01-01T10:54:37.463+07:00  INFO 32224 --- [auction-backend] [scheduling-1] c.a.a.scheduling.AuctionScheduler        : Scanning for expired auctions...
2026-01-01T10:54:37.464+07:00  INFO 32224 --- [auction-backend] [scheduling-1] c.a.a.scheduling.AuctionScheduler        : Found 2 expired auctions.
2026-01-01T10:55:37.445+07:00  INFO 32224 --- [auction-backend] [scheduling-1] c.a.a.scheduling.AuctionScheduler        : Scanning for expired auctions...
2026-01-01T10:55:37.446+07:00  INFO 32224 --- [auction-backend] [scheduling-1] c.a.a.scheduling.AuctionScheduler        : Found 2 expired auctions.
2026-01-01T10:56:37.435+07:00  INFO 32224 --- [auction-backend] [scheduling-1] c.a.a.scheduling.AuctionScheduler        : Scanning for expired auctions...
2026-01-01T10:56:37.437+07:00  INFO 32224 --- [auction-backend] [scheduling-1] c.a.a.scheduling.AuctionScheduler        : Found 2 expired auctions.
2026-01-01T10:57:37.436+07:00  INFO 32224 --- [auction-backend] [scheduling-1] c.a.a.scheduling.AuctionScheduler        : Scanning for expired auctions...
2026-01-01T10:57:37.438+07:00  INFO 32224 --- [auction-backend] [scheduling-1] c.a.a.scheduling.AuctionScheduler        : Found 2 expired auctions.
2026-01-01T10:58:37.420+07:00  INFO 32224 --- [auction-backend] [scheduling-1] c.a.a.scheduling.AuctionScheduler        : Scanning for expired auctions...
2026-01-01T10:58:37.422+07:00  INFO 32224 --- [auction-backend] [scheduling-1] c.a.a.scheduling.AuctionScheduler        : Found 2 expired auctions.
2026-01-01T10:59:37.418+07:00  INFO 32224 --- [auction-backend] [scheduling-1] c.a.a.scheduling.AuctionScheduler        : Scanning for expired auctions...
2026-01-01T10:59:37.418+07:00  INFO 32224 --- [auction-backend] [scheduling-1] c.a.a.scheduling.AuctionScheduler        : Found 2 expired auctions.
2026-01-01T11:00:37.407+07:00  INFO 32224 --- [auction-backend] [scheduling-1] c.a.a.scheduling.AuctionScheduler        : Scanning for expired auctions...
2026-01-01T11:00:37.407+07:00  INFO 32224 --- [auction-backend] [scheduling-1] c.a.a.scheduling.AuctionScheduler        : Found 2 expired auctions.
2026-01-01T11:01:37.404+07:00  INFO 32224 --- [auction-backend] [scheduling-1] c.a.a.scheduling.AuctionScheduler        : Scanning for expired auctions...
2026-01-01T11:01:37.404+07:00  INFO 32224 --- [auction-backend] [scheduling-1] c.a.a.scheduling.AuctionScheduler        : Found 2 expired auctions.
2026-01-01T11:02:37.394+07:00  INFO 32224 --- [auction-backend] [scheduling-1] c.a.a.scheduling.AuctionScheduler        : Scanning for expired auctions...
2026-01-01T11:02:37.394+07:00  INFO 32224 --- [auction-backend] [scheduling-1] c.a.a.scheduling.AuctionScheduler        : Found 2 expired auctions.
2026-01-01T11:03:37.390+07:00  INFO 32224 --- [auction-backend] [scheduling-1] c.a.a.scheduling.AuctionScheduler        : Scanning for expired auctions...
2026-01-01T11:03:37.390+07:00  INFO 32224 --- [auction-backend] [scheduling-1] c.a.a.scheduling.AuctionScheduler        : Found 2 expired auctions.
2026-01-01T11:04:37.388+07:00  INFO 32224 --- [auction-backend] [scheduling-1] c.a.a.scheduling.AuctionScheduler        : Scanning for expired auctions...
2026-01-01T11:04:37.388+07:00  INFO 32224 --- [auction-backend] [scheduling-1] c.a.a.scheduling.AuctionScheduler        : Found 2 expired auctions.
2026-01-01T11:05:37.383+07:00  INFO 32224 --- [auction-backend] [scheduling-1] c.a.a.scheduling.AuctionScheduler        : Scanning for expired auctions...
2026-01-01T11:05:37.383+07:00  INFO 32224 --- [auction-backend] [scheduling-1] c.a.a.scheduling.AuctionScheduler        : Found 2 expired auctions.
2026-01-01T11:06:37.384+07:00  INFO 32224 --- [auction-backend] [scheduling-1] c.a.a.scheduling.AuctionScheduler        : Scanning for expired auctions...
2026-01-01T11:06:37.386+07:00  INFO 32224 --- [auction-backend] [scheduling-1] c.a.a.scheduling.AuctionScheduler        : Found 2 expired auctions.
2026-01-01T11:07:37.374+07:00  INFO 32224 --- [auction-backend] [scheduling-1] c.a.a.scheduling.AuctionScheduler        : Scanning for expired auctions...
2026-01-01T11:07:37.374+07:00  INFO 32224 --- [auction-backend] [scheduling-1] c.a.a.scheduling.AuctionScheduler        : Found 2 expired auctions.
2026-01-01T11:08:37.359+07:00  INFO 32224 --- [auction-backend] [scheduling-1] c.a.a.scheduling.AuctionScheduler        : Scanning for expired auctions...
2026-01-01T11:08:37.361+07:00  INFO 32224 --- [auction-backend] [scheduling-1] c.a.a.scheduling.AuctionScheduler        : Found 2 expired auctions.
2026-01-01T11:09:37.355+07:00  INFO 32224 --- [auction-backend] [scheduling-1] c.a.a.scheduling.AuctionScheduler        : Scanning for expired auctions...
2026-01-01T11:09:37.357+07:00  INFO 32224 --- [auction-backend] [scheduling-1] c.a.a.scheduling.AuctionScheduler        : Found 2 expired auctions.
2026-01-01T11:10:37.362+07:00  INFO 32224 --- [auction-backend] [scheduling-1] c.a.a.scheduling.AuctionScheduler        : Scanning for expired auctions...
2026-01-01T11:10:37.364+07:00  INFO 32224 --- [auction-backend] [scheduling-1] c.a.a.scheduling.AuctionScheduler        : Found 2 expired auctions.
2026-01-01T11:11:37.351+07:00  INFO 32224 --- [auction-backend] [scheduling-1] c.a.a.scheduling.AuctionScheduler        : Scanning for expired auctions...
2026-01-01T11:11:37.353+07:00  INFO 32224 --- [auction-backend] [scheduling-1] c.a.a.scheduling.AuctionScheduler        : Found 2 expired auctions.
2026-01-01T11:12:37.348+07:00  INFO 32224 --- [auction-backend] [scheduling-1] c.a.a.scheduling.AuctionScheduler        : Scanning for expired auctions...
2026-01-01T11:12:37.348+07:00  INFO 32224 --- [auction-backend] [scheduling-1] c.a.a.scheduling.AuctionScheduler        : Found 2 expired auctions.
2026-01-01T11:13:37.341+07:00  INFO 32224 --- [auction-backend] [scheduling-1] c.a.a.scheduling.AuctionScheduler        : Scanning for expired auctions...
2026-01-01T11:13:37.342+07:00  INFO 32224 --- [auction-backend] [scheduling-1] c.a.a.scheduling.AuctionScheduler        : Found 2 expired auctions.
2026-01-01T11:14:37.338+07:00  INFO 32224 --- [auction-backend] [scheduling-1] c.a.a.scheduling.AuctionScheduler        : Scanning for expired auctions...
2026-01-01T11:14:37.340+07:00  INFO 32224 --- [auction-backend] [scheduling-1] c.a.a.scheduling.AuctionScheduler        : Found 2 expired auctions.
2026-01-01T11:15:37.338+07:00  INFO 32224 --- [auction-backend] [scheduling-1] c.a.a.scheduling.AuctionScheduler        : Scanning for expired auctions...
2026-01-01T11:15:37.341+07:00  INFO 32224 --- [auction-backend] [scheduling-1] c.a.a.scheduling.AuctionScheduler        : Found 2 expired auctions.
2026-01-01T11:16:37.321+07:00  INFO 32224 --- [auction-backend] [scheduling-1] c.a.a.scheduling.AuctionScheduler        : Scanning for expired auctions...
2026-01-01T11:16:37.324+07:00  INFO 32224 --- [auction-backend] [scheduling-1] c.a.a.scheduling.AuctionScheduler        : Found 2 expired auctions.
